<?xml version="1.0" encoding="UTF-8"?>
<!-- Generated by org.testng.reporters.JUnitReportReporter -->
<testsuite skipped="0" hostname="LAPTOP-M2U5R85M" name="NewTest" tests="1" failures="0" timestamp="2020-03-17T23:13:21 CST" time="31.936" errors="0">
  <testcase name="plus" time="31.936" classname="NewTest"/>
</testsuite> <!-- NewTest -->
